ERROR - 2022-01-19 10:37:37 --> in login func
ERROR - 2022-01-19 10:37:37 --> test
ERROR - 2022-01-19 10:37:37 --> Andreas@mail.com
ERROR - 2022-01-19 10:37:37 --> 0
ERROR - 2022-01-19 10:37:37 --> 1
ERROR - 2022-01-19 10:37:51 --> in login func
ERROR - 2022-01-19 10:37:51 --> test
ERROR - 2022-01-19 10:37:51 --> Max@mail.com
ERROR - 2022-01-19 10:37:51 --> 0
ERROR - 2022-01-19 10:37:51 --> 1
ERROR - 2022-01-19 10:37:54 --> 0
ERROR - 2022-01-19 10:37:54 --> 1
ERROR - 2022-01-19 10:37:56 --> 0
ERROR - 2022-01-19 10:37:56 --> 1
ERROR - 2022-01-19 10:37:57 --> 1
ERROR - 2022-01-19 10:38:02 --> 0
ERROR - 2022-01-19 10:38:02 --> 1
ERROR - 2022-01-19 10:38:36 --> 0
ERROR - 2022-01-19 10:38:36 --> 1
ERROR - 2022-01-19 10:39:37 --> in login func
ERROR - 2022-01-19 10:39:37 --> test
ERROR - 2022-01-19 10:39:37 --> Max@mail.com
ERROR - 2022-01-19 10:39:37 --> 0
ERROR - 2022-01-19 10:39:37 --> 1
ERROR - 2022-01-19 10:40:09 --> 0
ERROR - 2022-01-19 10:40:09 --> 1
ERROR - 2022-01-19 10:40:16 --> 3
ERROR - 2022-01-19 10:40:16 --> 1
ERROR - 2022-01-19 10:40:25 --> 3
ERROR - 2022-01-19 10:40:25 --> 1
ERROR - 2022-01-19 10:40:26 --> 0
ERROR - 2022-01-19 10:40:26 --> 1
ERROR - 2022-01-19 10:40:32 --> 0
ERROR - 2022-01-19 10:40:32 --> 1
ERROR - 2022-01-19 10:40:46 --> 3
ERROR - 2022-01-19 10:40:46 --> 1
ERROR - 2022-01-19 10:42:46 --> 3
ERROR - 2022-01-19 10:42:46 --> 1
CRITICAL - 2022-01-19 10:48:10 --> syntax error, unexpected token "}"
#0 /app/system/Router/Router.php(160): CodeIgniter\Router\Router->autoRoute()
#1 /app/system/CodeIgniter.php(702): CodeIgniter\Router\Router->handle()
#2 /app/system/CodeIgniter.php(358): CodeIgniter\CodeIgniter->tryToRouteIt()
#3 /app/system/CodeIgniter.php(317): CodeIgniter\CodeIgniter->handleRequest()
#4 /app/public/index.php(37): CodeIgniter\CodeIgniter->run()
#5 {main}
CRITICAL - 2022-01-19 10:49:33 --> Object of class CodeIgniter\HTTP\IncomingRequest could not be converted to string
#0 /app/system/CodeIgniter.php(802): App\Controllers\SearchController->index()
#1 /app/system/CodeIgniter.php(399): CodeIgniter\CodeIgniter->runController()
#2 /app/system/CodeIgniter.php(317): CodeIgniter\CodeIgniter->handleRequest()
#3 /app/public/index.php(37): CodeIgniter\CodeIgniter->run()
#4 {main}
ERROR - 2022-01-19 10:50:59 --> 0
ERROR - 2022-01-19 10:50:59 --> 1
ERROR - 2022-01-19 10:59:24 --> 0
ERROR - 2022-01-19 10:59:24 --> 1
ERROR - 2022-01-19 11:00:13 --> in login func
ERROR - 2022-01-19 11:00:13 --> test
ERROR - 2022-01-19 11:00:13 --> Max@mail.com
ERROR - 2022-01-19 11:00:13 --> 0
ERROR - 2022-01-19 11:00:13 --> 1
ERROR - 2022-01-19 11:00:36 --> 0
ERROR - 2022-01-19 11:00:36 --> 1
ERROR - 2022-01-19 11:00:43 --> 0
ERROR - 2022-01-19 11:00:43 --> 1
ERROR - 2022-01-19 11:01:06 --> 0
ERROR - 2022-01-19 11:01:06 --> 1
ERROR - 2022-01-19 11:01:08 --> 0
ERROR - 2022-01-19 11:01:08 --> 1
CRITICAL - 2022-01-19 11:01:27 --> Too few arguments to function App\Controllers\SearchController::dosearch(), 1 passed in /app/system/CodeIgniter.php on line 802 and exactly 2 expected
#0 /app/system/CodeIgniter.php(802): App\Controllers\SearchController->dosearch()
#1 /app/system/CodeIgniter.php(399): CodeIgniter\CodeIgniter->runController()
#2 /app/system/CodeIgniter.php(317): CodeIgniter\CodeIgniter->handleRequest()
#3 /app/public/index.php(37): CodeIgniter\CodeIgniter->run()
#4 {main}
ERROR - 2022-01-19 11:02:59 --> 0
ERROR - 2022-01-19 11:02:59 --> 1
CRITICAL - 2022-01-19 11:03:01 --> Too few arguments to function App\Controllers\SearchController::dosearch(), 1 passed in /app/system/CodeIgniter.php on line 802 and exactly 2 expected
#0 /app/system/CodeIgniter.php(802): App\Controllers\SearchController->dosearch()
#1 /app/system/CodeIgniter.php(399): CodeIgniter\CodeIgniter->runController()
#2 /app/system/CodeIgniter.php(317): CodeIgniter\CodeIgniter->handleRequest()
#3 /app/public/index.php(37): CodeIgniter\CodeIgniter->run()
#4 {main}
CRITICAL - 2022-01-19 11:03:12 --> Too few arguments to function App\Controllers\SearchController::dosearch(), 1 passed in /app/system/CodeIgniter.php on line 802 and exactly 2 expected
#0 /app/system/CodeIgniter.php(802): App\Controllers\SearchController->dosearch()
#1 /app/system/CodeIgniter.php(399): CodeIgniter\CodeIgniter->runController()
#2 /app/system/CodeIgniter.php(317): CodeIgniter\CodeIgniter->handleRequest()
#3 /app/public/index.php(37): CodeIgniter\CodeIgniter->run()
#4 {main}
ERROR - 2022-01-19 11:03:14 --> 0
ERROR - 2022-01-19 11:03:14 --> 1
CRITICAL - 2022-01-19 11:03:16 --> Too few arguments to function App\Controllers\SearchController::dosearch(), 1 passed in /app/system/CodeIgniter.php on line 802 and exactly 2 expected
#0 /app/system/CodeIgniter.php(802): App\Controllers\SearchController->dosearch()
#1 /app/system/CodeIgniter.php(399): CodeIgniter\CodeIgniter->runController()
#2 /app/system/CodeIgniter.php(317): CodeIgniter\CodeIgniter->handleRequest()
#3 /app/public/index.php(37): CodeIgniter\CodeIgniter->run()
#4 {main}
ERROR - 2022-01-19 11:03:17 --> 0
ERROR - 2022-01-19 11:03:17 --> 1
ERROR - 2022-01-19 11:04:55 --> in search
ERROR - 2022-01-19 11:04:55 --> 
CRITICAL - 2022-01-19 11:06:35 --> Too few arguments to function App\Controllers\SearchController::dosearch(), 1 passed in /app/system/CodeIgniter.php on line 802 and exactly 2 expected
#0 /app/system/CodeIgniter.php(802): App\Controllers\SearchController->dosearch()
#1 /app/system/CodeIgniter.php(399): CodeIgniter\CodeIgniter->runController()
#2 /app/system/CodeIgniter.php(317): CodeIgniter\CodeIgniter->handleRequest()
#3 /app/public/index.php(37): CodeIgniter\CodeIgniter->run()
#4 {main}
ERROR - 2022-01-19 11:07:12 --> 0
ERROR - 2022-01-19 11:07:12 --> 1
CRITICAL - 2022-01-19 11:10:15 --> CodeIgniter\Database\BaseBuilder::like(): Argument #2 ($match) must be of type string, null given, called in /app/app/Models/UsersModel.php on line 63
#0 /app/app/Models/UsersModel.php(63): CodeIgniter\Database\BaseBuilder->like()
#1 /app/app/Controllers/SearchController.php(64): App\Models\UsersModel->getUsersbyname()
#2 /app/system/CodeIgniter.php(802): App\Controllers\SearchController->dosearchnull()
#3 /app/system/CodeIgniter.php(399): CodeIgniter\CodeIgniter->runController()
#4 /app/system/CodeIgniter.php(317): CodeIgniter\CodeIgniter->handleRequest()
#5 /app/public/index.php(37): CodeIgniter\CodeIgniter->run()
#6 {main}
ERROR - 2022-01-19 11:11:05 --> 0
ERROR - 2022-01-19 11:11:05 --> 1
CRITICAL - 2022-01-19 11:11:07 --> CodeIgniter\Database\BaseBuilder::like(): Argument #2 ($match) must be of type string, null given, called in /app/app/Models/UsersModel.php on line 63
#0 /app/app/Models/UsersModel.php(63): CodeIgniter\Database\BaseBuilder->like()
#1 /app/app/Controllers/SearchController.php(64): App\Models\UsersModel->getUsersbyname()
#2 /app/system/CodeIgniter.php(802): App\Controllers\SearchController->dosearchnull()
#3 /app/system/CodeIgniter.php(399): CodeIgniter\CodeIgniter->runController()
#4 /app/system/CodeIgniter.php(317): CodeIgniter\CodeIgniter->handleRequest()
#5 /app/public/index.php(37): CodeIgniter\CodeIgniter->run()
#6 {main}
ERROR - 2022-01-19 11:11:09 --> 0
ERROR - 2022-01-19 11:11:09 --> 1
ERROR - 2022-01-19 11:11:14 --> in search
ERROR - 2022-01-19 11:11:14 -->  
ERROR - 2022-01-19 11:11:38 --> in search
ERROR - 2022-01-19 11:11:38 --> 
ERROR - 2022-01-19 11:11:44 --> in search
ERROR - 2022-01-19 11:11:44 --> 
ERROR - 2022-01-19 11:20:23 --> 0
ERROR - 2022-01-19 11:20:23 --> 1
ERROR - 2022-01-19 11:20:38 --> in login func
ERROR - 2022-01-19 11:20:38 --> test
ERROR - 2022-01-19 11:20:38 --> Max@mail.com
ERROR - 2022-01-19 11:20:38 --> 0
ERROR - 2022-01-19 11:20:38 --> 1
ERROR - 2022-01-19 11:20:54 --> 3
ERROR - 2022-01-19 11:20:54 --> 1
ERROR - 2022-01-19 11:21:03 --> 1
ERROR - 2022-01-19 11:21:03 --> 1
ERROR - 2022-01-19 11:21:18 --> 1
ERROR - 2022-01-19 11:21:18 --> 1
ERROR - 2022-01-19 11:21:23 --> 1
ERROR - 2022-01-19 11:21:26 --> 0
ERROR - 2022-01-19 11:21:26 --> 1
ERROR - 2022-01-19 11:21:41 --> 0
ERROR - 2022-01-19 11:21:41 --> 1
ERROR - 2022-01-19 11:21:59 --> in else
ERROR - 2022-01-19 11:22:11 --> 0
ERROR - 2022-01-19 11:22:11 --> 1
ERROR - 2022-01-19 11:22:49 --> 0
ERROR - 2022-01-19 11:22:49 --> 1
ERROR - 2022-01-19 11:23:13 --> 0
ERROR - 2022-01-19 11:23:13 --> 1
ERROR - 2022-01-19 11:23:17 --> 0
ERROR - 2022-01-19 11:23:17 --> 1
ERROR - 2022-01-19 11:23:28 --> 121
ERROR - 2022-01-19 11:23:28 --> 16:31
ERROR - 2022-01-19 11:23:28 --> 2022-01-27
ERROR - 2022-01-19 11:23:56 --> 0
ERROR - 2022-01-19 11:23:56 --> 1
ERROR - 2022-01-19 11:24:15 --> 0
ERROR - 2022-01-19 11:24:15 --> 1
ERROR - 2022-01-19 11:24:40 --> 6
ERROR - 2022-01-19 11:24:40 --> 1
ERROR - 2022-01-19 11:24:46 --> 6
ERROR - 2022-01-19 11:24:46 --> 1
ERROR - 2022-01-19 11:26:12 --> 0
ERROR - 2022-01-19 11:26:12 --> 1
ERROR - 2022-01-19 11:26:17 --> in login func
ERROR - 2022-01-19 11:26:17 --> test
ERROR - 2022-01-19 11:26:17 --> Joren@mail.com
ERROR - 2022-01-19 11:26:17 --> 0
ERROR - 2022-01-19 11:26:17 --> 1
ERROR - 2022-01-19 11:26:22 --> 0
ERROR - 2022-01-19 11:26:22 --> 1
ERROR - 2022-01-19 11:31:26 --> 0
ERROR - 2022-01-19 11:31:26 --> 1
ERROR - 2022-01-19 11:31:32 --> 0
ERROR - 2022-01-19 11:31:32 --> 1
ERROR - 2022-01-19 11:31:37 --> 0
ERROR - 2022-01-19 11:31:37 --> 1
ERROR - 2022-01-19 11:31:39 --> 0
ERROR - 2022-01-19 11:31:39 --> 1
ERROR - 2022-01-19 11:31:40 --> 1
ERROR - 2022-01-19 11:31:47 --> 0
ERROR - 2022-01-19 11:31:47 --> 1
ERROR - 2022-01-19 11:31:53 --> 0
ERROR - 2022-01-19 11:31:53 --> 1
ERROR - 2022-01-19 11:31:58 --> in login func
ERROR - 2022-01-19 11:31:58 --> test
ERROR - 2022-01-19 11:31:58 --> Andreas@mail.com
ERROR - 2022-01-19 11:31:58 --> 0
ERROR - 2022-01-19 11:31:58 --> 1
ERROR - 2022-01-19 11:32:03 --> 0
ERROR - 2022-01-19 11:32:03 --> 1
ERROR - 2022-01-19 11:32:14 --> 0
ERROR - 2022-01-19 11:32:14 --> 1
ERROR - 2022-01-19 11:32:15 --> 0
ERROR - 2022-01-19 11:32:15 --> 1
ERROR - 2022-01-19 11:32:23 --> in login func
ERROR - 2022-01-19 11:32:23 --> test
ERROR - 2022-01-19 11:32:23 --> Rigo@mail.com
ERROR - 2022-01-19 11:32:23 --> 0
ERROR - 2022-01-19 11:32:23 --> 1
ERROR - 2022-01-19 11:32:28 --> 0
ERROR - 2022-01-19 11:32:28 --> 1
ERROR - 2022-01-19 11:32:40 --> 0
ERROR - 2022-01-19 11:32:40 --> 1
ERROR - 2022-01-19 11:32:51 --> 124
ERROR - 2022-01-19 11:32:51 --> 16:59
ERROR - 2022-01-19 11:32:51 --> 2022-01-28
ERROR - 2022-01-19 11:32:57 --> 0
ERROR - 2022-01-19 11:32:57 --> 1
ERROR - 2022-01-19 11:33:23 --> 0
ERROR - 2022-01-19 11:33:23 --> 1
ERROR - 2022-01-19 11:33:25 --> 1
ERROR - 2022-01-19 11:35:05 --> 13
ERROR - 2022-01-19 11:35:05 --> 1
ERROR - 2022-01-19 11:49:40 --> 0
ERROR - 2022-01-19 11:49:40 --> 1
ERROR - 2022-01-19 13:37:54 --> 0
ERROR - 2022-01-19 13:37:54 --> 1
ERROR - 2022-01-19 13:38:14 --> 0
ERROR - 2022-01-19 13:38:14 --> 1
ERROR - 2022-01-19 13:38:22 --> 0
ERROR - 2022-01-19 13:38:22 --> 1
ERROR - 2022-01-19 13:38:32 --> in login func
ERROR - 2022-01-19 13:38:32 --> test
ERROR - 2022-01-19 13:38:32 --> ronan@mail.com
ERROR - 2022-01-19 13:38:32 --> 0
ERROR - 2022-01-19 13:38:32 --> 1
ERROR - 2022-01-19 13:39:16 --> 126
ERROR - 2022-01-19 13:39:16 --> 16:39
ERROR - 2022-01-19 13:39:16 --> 2022-01-27
ERROR - 2022-01-19 13:51:48 --> 0
ERROR - 2022-01-19 13:51:48 --> 1
ERROR - 2022-01-19 13:51:50 --> 13
ERROR - 2022-01-19 13:51:53 --> 0
ERROR - 2022-01-19 13:51:53 --> 1
ERROR - 2022-01-19 13:51:55 --> 0
ERROR - 2022-01-19 13:51:55 --> 1
ERROR - 2022-01-19 13:51:57 --> 0
ERROR - 2022-01-19 13:51:57 --> 1
ERROR - 2022-01-19 13:51:58 --> 13
ERROR - 2022-01-19 13:52:19 --> 13
ERROR - 2022-01-19 13:52:24 --> 0
ERROR - 2022-01-19 13:52:24 --> 1
ERROR - 2022-01-19 13:52:53 --> 0
ERROR - 2022-01-19 13:52:53 --> 1
ERROR - 2022-01-19 13:52:58 --> in login func
ERROR - 2022-01-19 13:52:58 --> test
ERROR - 2022-01-19 13:52:58 --> Siebe@mail.com
ERROR - 2022-01-19 13:52:58 --> 0
ERROR - 2022-01-19 13:52:58 --> 1
ERROR - 2022-01-19 13:53:24 --> 0
ERROR - 2022-01-19 13:53:24 --> 1
ERROR - 2022-01-19 13:53:25 --> 13
ERROR - 2022-01-19 13:53:27 --> in item deleter
ERROR - 2022-01-19 13:53:27 --> 29
ERROR - 2022-01-19 13:53:27 --> 13
ERROR - 2022-01-19 13:53:29 --> 0
ERROR - 2022-01-19 13:53:29 --> 1
ERROR - 2022-01-19 13:53:34 --> 0
ERROR - 2022-01-19 13:53:34 --> 1
ERROR - 2022-01-19 13:54:16 --> 0
ERROR - 2022-01-19 13:54:16 --> 1
ERROR - 2022-01-19 13:54:33 --> 0
ERROR - 2022-01-19 13:54:33 --> 1
ERROR - 2022-01-19 13:54:42 --> 0
ERROR - 2022-01-19 13:54:42 --> 1
ERROR - 2022-01-19 13:55:14 --> 0
ERROR - 2022-01-19 13:55:14 --> 1
ERROR - 2022-01-19 13:55:35 --> 0
ERROR - 2022-01-19 13:55:35 --> 1
ERROR - 2022-01-19 13:56:55 --> 0
ERROR - 2022-01-19 13:56:55 --> 1
ERROR - 2022-01-19 13:56:56 --> 0
ERROR - 2022-01-19 13:56:56 --> 1
