ERROR - 2021-12-09 05:48:54 --> in login func
ERROR - 2021-12-09 05:48:54 --> test
ERROR - 2021-12-09 05:48:54 --> Andreas@mail.com
ERROR - 2021-12-09 05:48:54 --> 0
ERROR - 2021-12-09 05:48:59 --> 0
ERROR - 2021-12-09 05:49:04 --> in login func
ERROR - 2021-12-09 05:49:04 --> test
ERROR - 2021-12-09 05:49:04 --> Lukas@mail.com
ERROR - 2021-12-09 05:49:04 --> 0
ERROR - 2021-12-09 05:49:10 --> 0
ERROR - 2021-12-09 05:52:36 --> 0
ERROR - 2021-12-09 05:52:44 --> 0
ERROR - 2021-12-09 05:54:03 --> 0
ERROR - 2021-12-09 05:54:08 --> in login func
ERROR - 2021-12-09 05:54:08 --> test
ERROR - 2021-12-09 05:54:08 --> Andreas@mail.com
ERROR - 2021-12-09 05:54:08 --> 0
ERROR - 2021-12-09 05:54:18 --> 0
ERROR - 2021-12-09 05:54:22 --> in login func
ERROR - 2021-12-09 05:54:22 --> test
ERROR - 2021-12-09 05:54:22 --> Rigo@mail.com
ERROR - 2021-12-09 05:54:22 --> 0
ERROR - 2021-12-09 05:54:26 --> 0
ERROR - 2021-12-09 05:54:33 --> in login func
ERROR - 2021-12-09 05:54:33 --> test
ERROR - 2021-12-09 05:54:33 --> joren@mail.com
ERROR - 2021-12-09 05:54:33 --> 0
ERROR - 2021-12-09 05:54:39 --> 0
ERROR - 2021-12-09 05:55:15 --> 0
ERROR - 2021-12-09 05:55:52 --> 0
ERROR - 2021-12-09 05:56:11 --> in login func
ERROR - 2021-12-09 05:56:11 --> test
ERROR - 2021-12-09 05:56:11 --> Max@mail.com
ERROR - 2021-12-09 05:56:11 --> 0
ERROR - 2021-12-09 05:56:21 --> 0
ERROR - 2021-12-09 05:56:29 --> in login func
ERROR - 2021-12-09 05:56:29 --> test
ERROR - 2021-12-09 05:56:29 --> Joren@mail.com
ERROR - 2021-12-09 05:56:30 --> 0
ERROR - 2021-12-09 05:56:46 --> 58
ERROR - 2021-12-09 05:56:46 --> 17:00
ERROR - 2021-12-09 05:56:46 --> 2022-01-12
ERROR - 2021-12-09 05:57:36 --> 0
ERROR - 2021-12-09 05:57:37 --> 6
ERROR - 2021-12-09 05:58:09 --> 0
