ERROR - 2021-12-31 08:06:08 --> 13
ERROR - 2021-12-31 08:06:08 --> 
ERROR - 2021-12-31 08:06:14 --> 13
ERROR - 2021-12-31 08:06:14 --> 
ERROR - 2021-12-31 08:06:18 --> 13
ERROR - 2021-12-31 08:06:18 --> 
ERROR - 2021-12-31 08:06:29 --> 13
ERROR - 2021-12-31 08:06:29 --> 
ERROR - 2021-12-31 08:08:07 --> in login func
ERROR - 2021-12-31 08:08:07 --> test
ERROR - 2021-12-31 08:08:07 --> lukas@mail.com
ERROR - 2021-12-31 08:08:07 --> 0
ERROR - 2021-12-31 08:08:07 --> 1
ERROR - 2021-12-31 08:08:19 --> 11
ERROR - 2021-12-31 08:08:21 --> in login func
ERROR - 2021-12-31 08:08:21 --> test
ERROR - 2021-12-31 08:08:21 --> ronan@mail.com
ERROR - 2021-12-31 08:08:21 --> 0
ERROR - 2021-12-31 08:08:21 --> 1
ERROR - 2021-12-31 08:08:49 --> in login func
ERROR - 2021-12-31 08:08:49 --> test
ERROR - 2021-12-31 08:08:49 --> Lukas@mail.com
ERROR - 2021-12-31 08:08:49 --> 0
ERROR - 2021-12-31 08:08:49 --> 1
ERROR - 2021-12-31 08:09:27 --> 0
ERROR - 2021-12-31 08:09:27 --> 1
ERROR - 2021-12-31 08:09:34 --> in login func
ERROR - 2021-12-31 08:09:34 --> test
ERROR - 2021-12-31 08:09:34 --> Max@mail.com
ERROR - 2021-12-31 08:09:34 --> 0
ERROR - 2021-12-31 08:09:34 --> 1
ERROR - 2021-12-31 08:09:46 --> 11
ERROR - 2021-12-31 08:10:29 --> 0
ERROR - 2021-12-31 08:10:29 --> 1
ERROR - 2021-12-31 08:10:33 --> 1
ERROR - 2021-12-31 08:10:39 --> 0
ERROR - 2021-12-31 08:10:39 --> 1
ERROR - 2021-12-31 08:10:43 --> 0
ERROR - 2021-12-31 08:10:43 --> 1
ERROR - 2021-12-31 08:10:45 --> 1
ERROR - 2021-12-31 08:11:27 --> 0
ERROR - 2021-12-31 08:11:27 --> 1
ERROR - 2021-12-31 08:11:32 --> 0
ERROR - 2021-12-31 08:11:32 --> 1
ERROR - 2021-12-31 08:11:38 --> 0
ERROR - 2021-12-31 08:11:38 --> 1
ERROR - 2021-12-31 08:13:20 --> 0
ERROR - 2021-12-31 08:13:20 --> 1
ERROR - 2021-12-31 08:14:38 --> 0
ERROR - 2021-12-31 08:14:38 --> 1
ERROR - 2021-12-31 08:16:30 --> 3
ERROR - 2021-12-31 08:16:30 --> 1
ERROR - 2021-12-31 08:17:14 --> 0
ERROR - 2021-12-31 08:17:14 --> 1
ERROR - 2021-12-31 08:17:26 --> 11
ERROR - 2021-12-31 08:19:07 --> 11
ERROR - 2021-12-31 08:23:25 --> 0
ERROR - 2021-12-31 08:23:25 --> 1
ERROR - 2021-12-31 08:23:30 --> 1
ERROR - 2021-12-31 08:23:30 --> 
ERROR - 2021-12-31 08:23:36 --> 1
ERROR - 2021-12-31 08:23:36 --> 
ERROR - 2021-12-31 08:26:02 --> 1
ERROR - 2021-12-31 08:26:02 --> 
ERROR - 2021-12-31 08:28:24 --> 0
ERROR - 2021-12-31 08:28:24 --> 
CRITICAL - 2021-12-31 08:28:24 --> Undefined array key "id"
#0 /app/app/Controllers/ProfileController.php(27): CodeIgniter\Debug\Exceptions->errorHandler()
#1 /app/system/CodeIgniter.php(802): App\Controllers\ProfileController->index()
#2 /app/system/CodeIgniter.php(399): CodeIgniter\CodeIgniter->runController()
#3 /app/system/CodeIgniter.php(317): CodeIgniter\CodeIgniter->handleRequest()
#4 /app/public/index.php(37): CodeIgniter\CodeIgniter->run()
#5 {main}
CRITICAL - 2021-12-31 08:29:14 --> Cannot use isset() on the result of an expression (you can use "null !== expression" instead)
#0 [internal function]: CodeIgniter\Debug\Exceptions->shutdownHandler()
#1 {main}
ERROR - 2021-12-31 08:29:40 --> 0
ERROR - 2021-12-31 08:29:40 --> 
ERROR - 2021-12-31 08:29:55 --> 2
ERROR - 2021-12-31 08:29:55 --> 
ERROR - 2021-12-31 08:29:58 --> 2
ERROR - 2021-12-31 08:29:58 --> 
