ERROR - 2022-01-04 09:47:41 --> 5
ERROR - 2022-01-04 09:47:41 --> 
ERROR - 2022-01-04 09:47:52 --> in login func
ERROR - 2022-01-04 09:47:52 --> test
ERROR - 2022-01-04 09:47:52 --> Max@mail.com
ERROR - 2022-01-04 09:47:52 --> 0
ERROR - 2022-01-04 09:47:52 --> 1
ERROR - 2022-01-04 09:47:55 --> 1
ERROR - 2022-01-04 09:47:58 --> 0
ERROR - 2022-01-04 09:47:58 --> 1
ERROR - 2022-01-04 09:49:05 --> 0
ERROR - 2022-01-04 09:49:05 --> 1
ERROR - 2022-01-04 09:49:20 --> 0
ERROR - 2022-01-04 09:49:20 --> 1
ERROR - 2022-01-04 09:50:20 --> 0
ERROR - 2022-01-04 09:50:20 --> 1
ERROR - 2022-01-04 09:51:04 --> 0
ERROR - 2022-01-04 09:51:04 --> 1
ERROR - 2022-01-04 09:51:11 --> 0
ERROR - 2022-01-04 09:51:11 --> 1
ERROR - 2022-01-04 09:51:19 --> 0
ERROR - 2022-01-04 09:51:19 --> 1
ERROR - 2022-01-04 09:51:26 --> 0
ERROR - 2022-01-04 09:51:26 --> 1
ERROR - 2022-01-04 09:51:27 --> 1
ERROR - 2022-01-04 09:58:56 --> 0
ERROR - 2022-01-04 09:58:56 --> 1
ERROR - 2022-01-04 09:58:59 --> 1
ERROR - 2022-01-04 09:59:01 --> 0
ERROR - 2022-01-04 09:59:01 --> 1
