ERROR - 2022-01-17 03:52:46 --> in login func
ERROR - 2022-01-17 03:52:46 --> test
ERROR - 2022-01-17 03:52:46 --> Max@mail.com
ERROR - 2022-01-17 03:52:47 --> 0
ERROR - 2022-01-17 03:52:47 --> 1
ERROR - 2022-01-17 03:52:49 --> 0
ERROR - 2022-01-17 03:52:49 --> 1
ERROR - 2022-01-17 03:54:14 --> 1969-12-31
ERROR - 2022-01-17 03:54:14 --> test in send
CRITICAL - 2022-01-17 04:00:22 --> log_message(): Argument #2 ($message) must be of type string, null given, called in /app/app/Controllers/MessageController.php on line 110
#0 /app/app/Controllers/MessageController.php(110): log_message()
#1 /app/system/CodeIgniter.php(802): App\Controllers\MessageController->sendMessage()
#2 /app/system/CodeIgniter.php(399): CodeIgniter\CodeIgniter->runController()
#3 /app/system/CodeIgniter.php(317): CodeIgniter\CodeIgniter->handleRequest()
#4 /app/public/index.php(37): CodeIgniter\CodeIgniter->run()
#5 {main}
ERROR - 2022-01-17 04:01:28 --> 2022/01/17
ERROR - 2022-01-17 04:01:28 --> 1969-12-31
ERROR - 2022-01-17 04:01:28 --> test in send
ERROR - 2022-01-17 04:02:03 --> 2022/01/17
ERROR - 2022-01-17 04:02:03 --> 1969-12-31
ERROR - 2022-01-17 04:02:03 --> test in send
ERROR - 2022-01-17 04:03:17 --> 2022/01/17
ERROR - 2022-01-17 04:03:17 --> 1969-12-31
ERROR - 2022-01-17 04:03:17 --> test in send
ERROR - 2022-01-17 04:03:39 --> 2022/01/17
ERROR - 2022-01-17 04:03:39 --> 04:03:39am
ERROR - 2022-01-17 04:03:39 --> test in send
ERROR - 2022-01-17 04:05:07 --> 2022/01/17
ERROR - 2022-01-17 04:05:07 --> 04:05:07am
ERROR - 2022-01-17 04:05:07 --> test in send
CRITICAL - 2022-01-17 04:06:47 --> Undefined array key "date"
#0 /app/app/Controllers/MessageController.php(107): CodeIgniter\Debug\Exceptions->errorHandler()
#1 /app/system/CodeIgniter.php(802): App\Controllers\MessageController->sendMessage()
#2 /app/system/CodeIgniter.php(399): CodeIgniter\CodeIgniter->runController()
#3 /app/system/CodeIgniter.php(317): CodeIgniter\CodeIgniter->handleRequest()
#4 /app/public/index.php(37): CodeIgniter\CodeIgniter->run()
#5 {main}
ERROR - 2022-01-17 04:07:05 --> 2022/01/17
ERROR - 2022-01-17 04:07:05 --> 04:07:05am
ERROR - 2022-01-17 04:07:05 --> 1969-12-31 18:00:00
ERROR - 2022-01-17 04:12:04 --> 2022/01/17
ERROR - 2022-01-17 04:12:04 --> 04:12:04am
ERROR - 2022-01-17 04:12:04 --> 1969-12-31
ERROR - 2022-01-17 04:14:00 --> 2022/01/17
ERROR - 2022-01-17 04:14:00 --> 04:14:00am
ERROR - 2022-01-17 04:14:00 --> 1969-12-31
ERROR - 2022-01-17 12:58:54 --> in login func
ERROR - 2022-01-17 12:58:54 --> test
ERROR - 2022-01-17 12:58:54 --> Andreas@mail.com
ERROR - 2022-01-17 12:58:54 --> 0
ERROR - 2022-01-17 12:58:54 --> 1
ERROR - 2022-01-17 13:03:56 --> 0
ERROR - 2022-01-17 13:03:56 --> 1
ERROR - 2022-01-17 13:09:10 --> 13
ERROR - 2022-01-17 13:09:10 --> 1
ERROR - 2022-01-17 13:09:34 --> 0
ERROR - 2022-01-17 13:09:34 --> 1
ERROR - 2022-01-17 13:09:35 --> 1
ERROR - 2022-01-17 13:09:45 --> 0
ERROR - 2022-01-17 13:09:45 --> 1
ERROR - 2022-01-17 13:09:46 --> 1
ERROR - 2022-01-17 13:10:38 --> 0
ERROR - 2022-01-17 13:10:38 --> 1
ERROR - 2022-01-17 13:11:46 --> 0
ERROR - 2022-01-17 13:11:46 --> 1
ERROR - 2022-01-17 14:36:52 --> 0
ERROR - 2022-01-17 14:36:52 --> 1
ERROR - 2022-01-17 14:37:20 --> 0
ERROR - 2022-01-17 14:37:20 --> 1
ERROR - 2022-01-17 14:38:15 --> 0
ERROR - 2022-01-17 14:38:15 --> 1
ERROR - 2022-01-17 14:38:20 --> in login func
ERROR - 2022-01-17 14:38:20 --> test
ERROR - 2022-01-17 14:38:20 --> Joren@mail.com
ERROR - 2022-01-17 14:38:20 --> 0
ERROR - 2022-01-17 14:38:20 --> 1
ERROR - 2022-01-17 14:38:22 --> 0
ERROR - 2022-01-17 14:38:22 --> 1
ERROR - 2022-01-17 14:38:23 --> 1
ERROR - 2022-01-17 14:38:42 --> 0
ERROR - 2022-01-17 14:38:42 --> 1
ERROR - 2022-01-17 14:39:26 --> in else
ERROR - 2022-01-17 14:39:28 --> in else
ERROR - 2022-01-17 14:39:35 --> in else
ERROR - 2022-01-17 14:39:39 --> in if
ERROR - 2022-01-17 14:39:49 --> 0
ERROR - 2022-01-17 14:39:49 --> 1
ERROR - 2022-01-17 14:39:55 --> 0
ERROR - 2022-01-17 14:39:55 --> 1
ERROR - 2022-01-17 14:40:14 --> 0
ERROR - 2022-01-17 14:40:14 --> 1
ERROR - 2022-01-17 14:40:29 --> 0
ERROR - 2022-01-17 14:40:29 --> 1
ERROR - 2022-01-17 14:40:34 --> in login func
ERROR - 2022-01-17 14:40:34 --> test
ERROR - 2022-01-17 14:40:34 --> Andreas@mail.com
ERROR - 2022-01-17 14:40:34 --> 0
ERROR - 2022-01-17 14:40:34 --> 1
ERROR - 2022-01-17 14:41:24 --> 0
ERROR - 2022-01-17 14:41:24 --> 1
ERROR - 2022-01-17 14:43:44 --> 104
ERROR - 2022-01-17 14:43:44 --> 16:39
ERROR - 2022-01-17 14:43:44 --> 2022-01-27
ERROR - 2022-01-17 14:44:01 --> 105
ERROR - 2022-01-17 14:44:01 --> 16:39
ERROR - 2022-01-17 14:44:01 --> 2022-01-27
ERROR - 2022-01-17 14:44:13 --> 0
ERROR - 2022-01-17 14:44:13 --> 1
ERROR - 2022-01-17 14:44:37 --> 0
ERROR - 2022-01-17 14:44:37 --> 1
ERROR - 2022-01-17 14:51:11 --> 0
ERROR - 2022-01-17 14:51:11 --> 1
ERROR - 2022-01-17 14:51:25 --> in login func
ERROR - 2022-01-17 14:51:25 --> test
ERROR - 2022-01-17 14:51:25 --> Max@mail.com
ERROR - 2022-01-17 14:51:25 --> 0
ERROR - 2022-01-17 14:51:25 --> 1
ERROR - 2022-01-17 14:51:38 --> 0
ERROR - 2022-01-17 14:51:38 --> 1
ERROR - 2022-01-17 14:51:39 --> 0
ERROR - 2022-01-17 14:51:39 --> 
ERROR - 2022-01-17 14:51:40 --> 0
ERROR - 2022-01-17 14:51:40 --> 
CRITICAL - 2022-01-17 14:51:41 --> Trying to access array offset on value of type null
#0 /app/app/Views/Profile/profileEdit.php(8): CodeIgniter\Debug\Exceptions->errorHandler()
#1 /app/system/View/View.php(214): include('...')
#2 /app/system/View/View.php(217): CodeIgniter\View\View->CodeIgniter\View\{closure}()
#3 /app/system/Common.php(1092): CodeIgniter\View\View->render()
#4 /app/app/Controllers/BaseController.php(83): view()
#5 /app/app/Controllers/ProfileController.php(69): App\Controllers\BaseController->template()
#6 /app/system/CodeIgniter.php(802): App\Controllers\ProfileController->edit()
#7 /app/system/CodeIgniter.php(399): CodeIgniter\CodeIgniter->runController()
#8 /app/system/CodeIgniter.php(317): CodeIgniter\CodeIgniter->handleRequest()
#9 /app/public/index.php(37): CodeIgniter\CodeIgniter->run()
#10 {main}
ERROR - 2022-01-17 14:51:43 --> 0
ERROR - 2022-01-17 14:51:43 --> 
ERROR - 2022-01-17 14:51:47 --> in login func
ERROR - 2022-01-17 14:51:47 --> test
ERROR - 2022-01-17 14:51:47 --> Max@mail.com
ERROR - 2022-01-17 14:51:47 --> 0
ERROR - 2022-01-17 14:51:47 --> 1
ERROR - 2022-01-17 14:51:50 --> 1
ERROR - 2022-01-17 14:52:05 --> 1
ERROR - 2022-01-17 14:52:24 --> 0
ERROR - 2022-01-17 14:52:24 --> 1
ERROR - 2022-01-17 14:52:49 --> in else
ERROR - 2022-01-17 14:53:01 --> 0
ERROR - 2022-01-17 14:53:01 --> 1
ERROR - 2022-01-17 14:53:27 --> 0
ERROR - 2022-01-17 14:53:27 --> 1
ERROR - 2022-01-17 14:53:31 --> 0
ERROR - 2022-01-17 14:53:31 --> 1
ERROR - 2022-01-17 14:53:47 --> 0
ERROR - 2022-01-17 14:53:47 --> 1
ERROR - 2022-01-17 14:53:55 --> in login func
ERROR - 2022-01-17 14:53:55 --> test
ERROR - 2022-01-17 14:53:55 --> Andreas@mail.com
ERROR - 2022-01-17 14:53:55 --> 0
ERROR - 2022-01-17 14:53:55 --> 1
ERROR - 2022-01-17 14:54:44 --> 0
ERROR - 2022-01-17 14:54:44 --> 1
ERROR - 2022-01-17 14:54:46 --> 0
ERROR - 2022-01-17 14:54:46 --> 1
ERROR - 2022-01-17 14:54:58 --> 0
ERROR - 2022-01-17 14:54:58 --> 1
ERROR - 2022-01-17 14:55:02 --> 0
ERROR - 2022-01-17 14:55:02 --> 1
ERROR - 2022-01-17 14:55:03 --> 1
ERROR - 2022-01-17 14:55:14 --> 0
ERROR - 2022-01-17 14:55:14 --> 1
ERROR - 2022-01-17 14:55:17 --> 0
ERROR - 2022-01-17 14:55:17 --> 1
ERROR - 2022-01-17 14:55:30 --> 0
ERROR - 2022-01-17 14:55:30 --> 1
ERROR - 2022-01-17 14:55:32 --> 0
ERROR - 2022-01-17 14:55:32 --> 1
ERROR - 2022-01-17 14:55:50 --> 106
ERROR - 2022-01-17 14:55:50 --> 16:30
ERROR - 2022-01-17 14:55:50 --> 2022-01-27
ERROR - 2022-01-17 14:55:57 --> 107
ERROR - 2022-01-17 14:55:57 --> 16:30
ERROR - 2022-01-17 14:55:57 --> 2022-02-03
ERROR - 2022-01-17 14:56:11 --> 0
ERROR - 2022-01-17 14:56:11 --> 1
ERROR - 2022-01-17 14:56:14 --> 0
ERROR - 2022-01-17 14:56:14 --> 1
ERROR - 2022-01-17 14:56:50 --> 0
ERROR - 2022-01-17 14:56:50 --> 1
ERROR - 2022-01-17 14:56:51 --> 1
ERROR - 2022-01-17 14:57:10 --> 1
ERROR - 2022-01-17 14:57:10 --> 1
ERROR - 2022-01-17 14:57:11 --> 1
ERROR - 2022-01-17 14:57:11 --> 1
ERROR - 2022-01-17 14:57:13 --> 1
ERROR - 2022-01-17 14:57:13 --> 1
ERROR - 2022-01-17 14:57:18 --> 2
ERROR - 2022-01-17 14:57:18 --> 1
ERROR - 2022-01-17 14:57:24 --> 0
ERROR - 2022-01-17 14:57:24 --> 1
ERROR - 2022-01-17 14:57:30 --> 3
ERROR - 2022-01-17 14:57:30 --> 1
ERROR - 2022-01-17 15:20:59 --> 0
ERROR - 2022-01-17 15:20:59 --> 1
ERROR - 2022-01-17 15:21:01 --> 1
ERROR - 2022-01-17 15:21:59 --> 1
ERROR - 2022-01-17 15:24:38 --> 0
ERROR - 2022-01-17 15:24:38 --> 1
ERROR - 2022-01-17 15:24:39 --> 1
ERROR - 2022-01-17 15:24:41 --> in item deleter
ERROR - 2022-01-17 15:24:41 --> 25
ERROR - 2022-01-17 15:24:41 --> 1
ERROR - 2022-01-17 15:25:06 --> 1
ERROR - 2022-01-17 15:29:07 --> 0
ERROR - 2022-01-17 15:29:07 --> 1
ERROR - 2022-01-17 15:29:09 --> 1
ERROR - 2022-01-17 15:30:57 --> 0
ERROR - 2022-01-17 15:30:57 --> 1
ERROR - 2022-01-17 15:30:59 --> 1
ERROR - 2022-01-17 15:31:29 --> 0
ERROR - 2022-01-17 15:31:29 --> 1
ERROR - 2022-01-17 15:31:30 --> 1
ERROR - 2022-01-17 15:35:03 --> 0
ERROR - 2022-01-17 15:35:03 --> 1
ERROR - 2022-01-17 15:35:05 --> 1
ERROR - 2022-01-17 15:35:31 --> in item deleter
ERROR - 2022-01-17 15:35:31 --> 26
ERROR - 2022-01-17 15:35:31 --> 1
ERROR - 2022-01-17 15:35:49 --> 1
ERROR - 2022-01-17 15:35:59 --> 0
ERROR - 2022-01-17 15:35:59 --> 1
ERROR - 2022-01-17 15:36:00 --> 1
ERROR - 2022-01-17 15:36:26 --> 0
ERROR - 2022-01-17 15:36:26 --> 1
ERROR - 2022-01-17 15:36:28 --> 1
ERROR - 2022-01-17 15:36:29 --> in item deleter
ERROR - 2022-01-17 15:36:29 --> 27
ERROR - 2022-01-17 15:36:29 --> 1
ERROR - 2022-01-17 15:57:09 --> 0
ERROR - 2022-01-17 15:57:09 --> 1
ERROR - 2022-01-17 15:57:15 --> 0
ERROR - 2022-01-17 15:57:15 --> 1
ERROR - 2022-01-17 15:57:18 --> 0
ERROR - 2022-01-17 15:57:18 --> 1
ERROR - 2022-01-17 15:57:19 --> 1
ERROR - 2022-01-17 15:57:33 --> 0
ERROR - 2022-01-17 15:57:33 --> 1
ERROR - 2022-01-17 15:57:39 --> in login func
ERROR - 2022-01-17 15:57:39 --> test
ERROR - 2022-01-17 15:57:39 --> Joren@mail.com
ERROR - 2022-01-17 15:57:39 --> 0
ERROR - 2022-01-17 15:57:39 --> 1
ERROR - 2022-01-17 15:59:49 --> 0
ERROR - 2022-01-17 15:59:49 --> 1
ERROR - 2022-01-17 15:59:51 --> 0
ERROR - 2022-01-17 15:59:51 --> 1
ERROR - 2022-01-17 15:59:54 --> 0
ERROR - 2022-01-17 15:59:54 --> 1
ERROR - 2022-01-17 16:02:31 --> 0
ERROR - 2022-01-17 16:02:31 --> 1
ERROR - 2022-01-17 16:11:23 --> 0
ERROR - 2022-01-17 16:11:23 --> 1
ERROR - 2022-01-17 16:14:11 --> 0
ERROR - 2022-01-17 16:14:11 --> 1
ERROR - 2022-01-17 16:14:25 --> in else
ERROR - 2022-01-17 16:14:29 --> 0
ERROR - 2022-01-17 16:14:29 --> 1
ERROR - 2022-01-17 16:14:53 --> 0
ERROR - 2022-01-17 16:14:53 --> 1
ERROR - 2022-01-17 16:15:26 --> 0
ERROR - 2022-01-17 16:15:26 --> 1
ERROR - 2022-01-17 16:23:18 --> 0
ERROR - 2022-01-17 16:23:18 --> 1
ERROR - 2022-01-17 16:24:15 --> 0
ERROR - 2022-01-17 16:24:15 --> 1
ERROR - 2022-01-17 16:24:28 --> 0
ERROR - 2022-01-17 16:24:28 --> 1
ERROR - 2022-01-17 16:28:29 --> 0
ERROR - 2022-01-17 16:28:29 --> 1
ERROR - 2022-01-17 16:30:13 --> 0
ERROR - 2022-01-17 16:30:13 --> 1
