ERROR - 2022-01-18 10:30:48 --> in login func
ERROR - 2022-01-18 10:30:48 --> test
ERROR - 2022-01-18 10:30:48 --> Andreas@mail.com
ERROR - 2022-01-18 10:30:49 --> 0
ERROR - 2022-01-18 10:30:49 --> 1
ERROR - 2022-01-18 10:31:51 --> in login func
ERROR - 2022-01-18 10:31:51 --> test
ERROR - 2022-01-18 10:31:51 --> Max@mail.com
ERROR - 2022-01-18 10:31:51 --> 0
ERROR - 2022-01-18 10:31:51 --> 1
ERROR - 2022-01-18 10:32:16 --> 0
ERROR - 2022-01-18 10:32:16 --> 1
ERROR - 2022-01-18 10:32:33 --> 0
ERROR - 2022-01-18 10:32:33 --> 1
ERROR - 2022-01-18 10:32:35 --> 1
ERROR - 2022-01-18 10:32:46 --> 1
ERROR - 2022-01-18 10:33:21 --> 0
ERROR - 2022-01-18 10:33:21 --> 1
ERROR - 2022-01-18 10:33:29 --> in else
ERROR - 2022-01-18 10:33:36 --> 0
ERROR - 2022-01-18 10:33:36 --> 1
ERROR - 2022-01-18 10:33:37 --> 0
ERROR - 2022-01-18 10:33:37 --> 1
ERROR - 2022-01-18 10:34:06 --> 0
ERROR - 2022-01-18 10:34:06 --> 1
ERROR - 2022-01-18 10:34:21 --> 115
ERROR - 2022-01-18 10:34:21 --> 16:39
ERROR - 2022-01-18 10:34:21 --> 2022-01-27
ERROR - 2022-01-18 10:34:41 --> 0
ERROR - 2022-01-18 10:34:41 --> 1
ERROR - 2022-01-18 10:34:53 --> 0
ERROR - 2022-01-18 10:34:53 --> 1
ERROR - 2022-01-18 11:36:13 --> 0
ERROR - 2022-01-18 11:36:13 --> 1
ERROR - 2022-01-18 11:36:15 --> 1
ERROR - 2022-01-18 11:36:31 --> 0
ERROR - 2022-01-18 11:36:31 --> 1
ERROR - 2022-01-18 11:36:35 --> in login func
ERROR - 2022-01-18 11:36:35 --> test
ERROR - 2022-01-18 11:36:35 --> Joren@mail.com
ERROR - 2022-01-18 11:36:35 --> 0
ERROR - 2022-01-18 11:36:35 --> 1
ERROR - 2022-01-18 11:36:57 --> 0
ERROR - 2022-01-18 11:36:57 --> 1
ERROR - 2022-01-18 12:51:13 --> 0
ERROR - 2022-01-18 12:51:13 --> 1
ERROR - 2022-01-18 12:51:15 --> 0
ERROR - 2022-01-18 12:51:15 --> 1
ERROR - 2022-01-18 12:51:19 --> 0
ERROR - 2022-01-18 12:51:19 --> 1
ERROR - 2022-01-18 12:51:21 --> 1
ERROR - 2022-01-18 12:51:34 --> 1
ERROR - 2022-01-18 12:51:35 --> 0
ERROR - 2022-01-18 12:51:35 --> 1
ERROR - 2022-01-18 12:51:42 --> 0
ERROR - 2022-01-18 12:51:42 --> 1
ERROR - 2022-01-18 12:51:58 --> 1
ERROR - 2022-01-18 12:52:10 --> 0
ERROR - 2022-01-18 12:52:10 --> 1
ERROR - 2022-01-18 12:52:14 --> 0
ERROR - 2022-01-18 12:52:14 --> 1
ERROR - 2022-01-18 12:52:18 --> in login func
ERROR - 2022-01-18 12:52:18 --> test
ERROR - 2022-01-18 12:52:18 --> Andreas@mail.com
ERROR - 2022-01-18 12:52:18 --> 0
ERROR - 2022-01-18 12:52:18 --> 1
ERROR - 2022-01-18 12:52:31 --> 116
ERROR - 2022-01-18 12:52:31 --> 17:30
ERROR - 2022-01-18 12:52:31 --> 2022-01-26
ERROR - 2022-01-18 13:00:14 --> 0
ERROR - 2022-01-18 13:00:14 --> 1
ERROR - 2022-01-18 13:00:22 --> 1
ERROR - 2022-01-18 13:02:28 --> 0
ERROR - 2022-01-18 13:02:28 --> 1
ERROR - 2022-01-18 13:02:31 --> 1
CRITICAL - 2022-01-18 13:02:32 --> Undefined variable $totalOrders
#0 /app/app/Views/Profile/wareEditor.php(54): CodeIgniter\Debug\Exceptions->errorHandler()
#1 /app/system/View/View.php(214): include('...')
#2 /app/system/View/View.php(217): CodeIgniter\View\View->CodeIgniter\View\{closure}()
#3 /app/system/Common.php(1092): CodeIgniter\View\View->render()
#4 /app/app/Controllers/BaseController.php(83): view()
#5 /app/app/Controllers/ItemController.php(61): App\Controllers\BaseController->template()
#6 /app/system/CodeIgniter.php(802): App\Controllers\ItemController->wareEditor()
#7 /app/system/CodeIgniter.php(399): CodeIgniter\CodeIgniter->runController()
#8 /app/system/CodeIgniter.php(317): CodeIgniter\CodeIgniter->handleRequest()
#9 /app/public/index.php(37): CodeIgniter\CodeIgniter->run()
#10 {main}
ERROR - 2022-01-18 13:02:33 --> 1
CRITICAL - 2022-01-18 13:03:10 --> Undefined variable $activeOrders
#0 /app/app/Views/Profile/wareEditor.php(57): CodeIgniter\Debug\Exceptions->errorHandler()
#1 /app/system/View/View.php(214): include('...')
#2 /app/system/View/View.php(217): CodeIgniter\View\View->CodeIgniter\View\{closure}()
#3 /app/system/Common.php(1092): CodeIgniter\View\View->render()
#4 /app/app/Controllers/BaseController.php(83): view()
#5 /app/app/Controllers/ItemController.php(61): App\Controllers\BaseController->template()
#6 /app/system/CodeIgniter.php(802): App\Controllers\ItemController->wareEditor()
#7 /app/system/CodeIgniter.php(399): CodeIgniter\CodeIgniter->runController()
#8 /app/system/CodeIgniter.php(317): CodeIgniter\CodeIgniter->handleRequest()
#9 /app/public/index.php(37): CodeIgniter\CodeIgniter->run()
#10 {main}
ERROR - 2022-01-18 13:03:36 --> 0
ERROR - 2022-01-18 13:03:36 --> 1
ERROR - 2022-01-18 13:03:45 --> 0
ERROR - 2022-01-18 13:03:45 --> 1
ERROR - 2022-01-18 13:10:21 --> 1
ERROR - 2022-01-18 13:10:22 --> 1
ERROR - 2022-01-18 13:10:26 --> 1
ERROR - 2022-01-18 13:10:29 --> 1
ERROR - 2022-01-18 13:10:32 --> 1
ERROR - 2022-01-18 13:10:34 --> 1
ERROR - 2022-01-18 13:10:37 --> 1
ERROR - 2022-01-18 13:10:40 --> 1
ERROR - 2022-01-18 13:10:44 --> 1
ERROR - 2022-01-18 13:10:46 --> 1
ERROR - 2022-01-18 13:10:54 --> 0
ERROR - 2022-01-18 13:10:54 --> 1
ERROR - 2022-01-18 14:13:04 --> 0
ERROR - 2022-01-18 14:13:04 --> 1
ERROR - 2022-01-18 14:13:16 --> 0
ERROR - 2022-01-18 14:13:16 --> 1
ERROR - 2022-01-18 14:13:28 --> 0
ERROR - 2022-01-18 14:13:28 --> 1
ERROR - 2022-01-18 14:13:30 --> 1
ERROR - 2022-01-18 14:14:12 --> 1
ERROR - 2022-01-18 14:14:19 --> 0
ERROR - 2022-01-18 14:14:19 --> 1
ERROR - 2022-01-18 14:14:22 --> 1
ERROR - 2022-01-18 14:21:50 --> 0
ERROR - 2022-01-18 14:21:50 --> 1
ERROR - 2022-01-18 14:22:59 --> 0
ERROR - 2022-01-18 14:22:59 --> 1
ERROR - 2022-01-18 14:23:05 --> 0
ERROR - 2022-01-18 14:23:05 --> 1
ERROR - 2022-01-18 14:23:08 --> in login func
ERROR - 2022-01-18 14:23:08 --> test
ERROR - 2022-01-18 14:23:08 --> Max@mail.com
ERROR - 2022-01-18 14:23:08 --> 0
ERROR - 2022-01-18 14:23:08 --> 1
ERROR - 2022-01-18 14:24:54 --> 0
ERROR - 2022-01-18 14:24:54 --> 1
ERROR - 2022-01-18 14:25:06 --> 0
ERROR - 2022-01-18 14:25:06 --> 1
ERROR - 2022-01-18 14:25:52 --> 0
ERROR - 2022-01-18 14:25:52 --> 1
ERROR - 2022-01-18 14:26:06 --> 0
ERROR - 2022-01-18 14:26:06 --> 1
ERROR - 2022-01-18 14:26:45 --> in login func
ERROR - 2022-01-18 14:26:45 --> test
ERROR - 2022-01-18 14:26:45 --> Max@mail.com
ERROR - 2022-01-18 14:26:46 --> 0
ERROR - 2022-01-18 14:26:46 --> 1
ERROR - 2022-01-18 14:26:49 --> 0
ERROR - 2022-01-18 14:26:49 --> 1
ERROR - 2022-01-18 14:27:19 --> in login func
ERROR - 2022-01-18 14:27:19 --> test
ERROR - 2022-01-18 14:27:19 --> max@mail.com
ERROR - 2022-01-18 14:27:19 --> 0
ERROR - 2022-01-18 14:27:19 --> 1
ERROR - 2022-01-18 14:28:31 --> 0
ERROR - 2022-01-18 14:28:31 --> 1
ERROR - 2022-01-18 14:29:08 --> 0
ERROR - 2022-01-18 14:29:08 --> 1
ERROR - 2022-01-18 14:29:15 --> in login func
ERROR - 2022-01-18 14:29:15 --> test
ERROR - 2022-01-18 14:29:15 --> rigo@mail.com
ERROR - 2022-01-18 14:29:15 --> 0
ERROR - 2022-01-18 14:29:15 --> 1
ERROR - 2022-01-18 14:29:44 --> 0
ERROR - 2022-01-18 14:29:44 --> 1
ERROR - 2022-01-18 14:31:14 --> 0
ERROR - 2022-01-18 14:31:14 --> 1
ERROR - 2022-01-18 14:31:19 --> 0
ERROR - 2022-01-18 14:31:19 --> 1
ERROR - 2022-01-18 14:31:23 --> in login func
ERROR - 2022-01-18 14:31:23 --> test
ERROR - 2022-01-18 14:31:23 --> Max@mail.com
ERROR - 2022-01-18 14:31:23 --> 0
ERROR - 2022-01-18 14:31:23 --> 1
ERROR - 2022-01-18 14:31:25 --> 1
ERROR - 2022-01-18 14:55:25 --> 0
ERROR - 2022-01-18 14:55:25 --> 1
ERROR - 2022-01-18 14:55:30 --> 1
ERROR - 2022-01-18 14:56:00 --> 0
ERROR - 2022-01-18 14:56:00 --> 1
ERROR - 2022-01-18 14:57:04 --> 0
ERROR - 2022-01-18 14:57:04 --> 1
ERROR - 2022-01-18 14:57:16 --> 1
CRITICAL - 2022-01-18 14:57:32 --> syntax error, unexpected end of file, expecting "elseif" or "else" or "endif"
#0 /app/system/View/View.php(217): CodeIgniter\View\View->CodeIgniter\View\{closure}()
#1 /app/system/Common.php(1092): CodeIgniter\View\View->render()
#2 /app/app/Controllers/BaseController.php(83): view()
#3 /app/app/Controllers/ItemController.php(97): App\Controllers\BaseController->template()
#4 /app/system/CodeIgniter.php(802): App\Controllers\ItemController->createItemViewLoader()
#5 /app/system/CodeIgniter.php(399): CodeIgniter\CodeIgniter->runController()
#6 /app/system/CodeIgniter.php(317): CodeIgniter\CodeIgniter->handleRequest()
#7 /app/public/index.php(37): CodeIgniter\CodeIgniter->run()
#8 {main}
ERROR - 2022-01-18 14:59:41 --> 1
CRITICAL - 2022-01-18 14:59:49 --> The supplied file is not a supported image type.
#0 /app/system/Images/Image.php(103): CodeIgniter\Images\Exceptions\ImageException::forFileNotSupported()
#1 /app/system/Images/Handlers/BaseHandler.php(150): CodeIgniter\Images\Image->getProperties()
#2 /app/app/Controllers/ImageController.php(35): CodeIgniter\Images\Handlers\BaseHandler->withFile()
#3 /app/system/CodeIgniter.php(802): App\Controllers\ImageController->storeItemImage()
#4 /app/system/CodeIgniter.php(399): CodeIgniter\CodeIgniter->runController()
#5 /app/system/CodeIgniter.php(317): CodeIgniter\CodeIgniter->handleRequest()
#6 /app/public/index.php(37): CodeIgniter\CodeIgniter->run()
#7 {main}
CRITICAL - 2022-01-18 14:59:58 --> The supplied file is not a supported image type.
#0 /app/system/Images/Image.php(103): CodeIgniter\Images\Exceptions\ImageException::forFileNotSupported()
#1 /app/system/Images/Handlers/BaseHandler.php(150): CodeIgniter\Images\Image->getProperties()
#2 /app/app/Controllers/ImageController.php(35): CodeIgniter\Images\Handlers\BaseHandler->withFile()
#3 /app/system/CodeIgniter.php(802): App\Controllers\ImageController->storeItemImage()
#4 /app/system/CodeIgniter.php(399): CodeIgniter\CodeIgniter->runController()
#5 /app/system/CodeIgniter.php(317): CodeIgniter\CodeIgniter->handleRequest()
#6 /app/public/index.php(37): CodeIgniter\CodeIgniter->run()
#7 {main}
ERROR - 2022-01-18 15:03:50 --> 0
ERROR - 2022-01-18 15:03:50 --> 1
ERROR - 2022-01-18 15:03:51 --> 1
ERROR - 2022-01-18 15:04:10 --> 0
ERROR - 2022-01-18 15:04:10 --> 1
ERROR - 2022-01-18 15:04:16 --> 0
ERROR - 2022-01-18 15:04:16 --> 1
ERROR - 2022-01-18 15:04:22 --> 1
ERROR - 2022-01-18 15:08:02 --> 0
ERROR - 2022-01-18 15:08:02 --> 1
ERROR - 2022-01-18 15:08:08 --> 0
ERROR - 2022-01-18 15:08:08 --> 1
ERROR - 2022-01-18 15:08:11 --> 0
ERROR - 2022-01-18 15:08:11 --> 1
ERROR - 2022-01-18 15:08:13 --> 1
ERROR - 2022-01-18 15:10:22 --> 0
ERROR - 2022-01-18 15:10:22 --> 1
ERROR - 2022-01-18 15:10:24 --> 1
ERROR - 2022-01-18 15:10:25 --> in item deleter
ERROR - 2022-01-18 15:10:25 --> 28
ERROR - 2022-01-18 15:10:25 --> 1
ERROR - 2022-01-18 15:11:35 --> 0
ERROR - 2022-01-18 15:11:35 --> 1
ERROR - 2022-01-18 15:11:37 --> 1
ERROR - 2022-01-18 15:12:45 --> 0
ERROR - 2022-01-18 15:12:45 --> 1
ERROR - 2022-01-18 15:12:55 --> 0
ERROR - 2022-01-18 15:12:55 --> 1
ERROR - 2022-01-18 15:26:40 --> 0
ERROR - 2022-01-18 15:26:40 --> 1
ERROR - 2022-01-18 15:26:58 --> in login func
ERROR - 2022-01-18 15:26:58 --> test
ERROR - 2022-01-18 15:26:58 --> Max@mail.com
ERROR - 2022-01-18 15:26:58 --> 0
ERROR - 2022-01-18 15:26:58 --> 1
