ERROR - 2022-01-08 04:46:57 --> in login func
ERROR - 2022-01-08 04:46:57 --> test
ERROR - 2022-01-08 04:46:57 --> Max@mail.com
ERROR - 2022-01-08 04:46:57 --> 0
ERROR - 2022-01-08 04:46:57 --> 1
ERROR - 2022-01-08 04:48:05 --> in login func
ERROR - 2022-01-08 04:48:05 --> test
CRITICAL - 2022-01-08 04:48:05 --> log_message(): Argument #2 ($message) must be of type string, null given, called in /app/app/Controllers/LoginController.php on line 83
#0 /app/app/Controllers/LoginController.php(83): log_message()
#1 /app/system/CodeIgniter.php(802): App\Controllers\LoginController->login()
#2 /app/system/CodeIgniter.php(399): CodeIgniter\CodeIgniter->runController()
#3 /app/system/CodeIgniter.php(317): CodeIgniter\CodeIgniter->handleRequest()
#4 /app/public/index.php(37): CodeIgniter\CodeIgniter->run()
#5 {main}
ERROR - 2022-01-08 04:48:11 --> 0
ERROR - 2022-01-08 04:48:11 --> 1
ERROR - 2022-01-08 04:48:45 --> 0
ERROR - 2022-01-08 04:48:45 --> 1
ERROR - 2022-01-08 04:48:50 --> 1
ERROR - 2022-01-08 05:08:46 --> in login func
ERROR - 2022-01-08 05:08:46 --> test
ERROR - 2022-01-08 05:08:46 --> Max@mail.com
ERROR - 2022-01-08 05:08:46 --> 0
ERROR - 2022-01-08 05:08:46 --> 1
ERROR - 2022-01-08 05:08:48 --> 1
ERROR - 2022-01-08 05:08:58 --> 1
ERROR - 2022-01-08 05:09:50 --> 0
ERROR - 2022-01-08 05:09:50 --> 1
ERROR - 2022-01-08 05:09:52 --> 1
ERROR - 2022-01-08 05:09:56 --> 1
ERROR - 2022-01-08 05:09:56 --> 1
ERROR - 2022-01-08 05:09:57 --> 0
ERROR - 2022-01-08 05:09:57 --> 1
ERROR - 2022-01-08 05:10:04 --> 0
ERROR - 2022-01-08 05:10:04 --> 1
ERROR - 2022-01-08 05:10:05 --> 1
ERROR - 2022-01-08 05:10:07 --> 1
ERROR - 2022-01-08 05:10:07 --> 1
ERROR - 2022-01-08 05:10:08 --> 1
ERROR - 2022-01-08 05:14:54 --> 0
ERROR - 2022-01-08 05:14:54 --> 1
ERROR - 2022-01-08 05:14:57 --> 1
ERROR - 2022-01-08 05:15:00 --> 1
ERROR - 2022-01-08 05:15:02 --> 1
ERROR - 2022-01-08 05:15:03 --> 1
CRITICAL - 2022-01-08 05:15:08 --> Trying to access array offset on value of type null
#0 /app/app/Views/Profile/wareEditor.php(1): CodeIgniter\Debug\Exceptions->errorHandler()
#1 /app/system/View/View.php(214): include('...')
#2 /app/system/View/View.php(217): CodeIgniter\View\View->CodeIgniter\View\{closure}()
#3 /app/system/Common.php(1092): CodeIgniter\View\View->render()
#4 /app/app/Controllers/BaseController.php(83): view()
#5 /app/app/Controllers/ItemController.php(48): App\Controllers\BaseController->template()
#6 /app/system/CodeIgniter.php(802): App\Controllers\ItemController->wareEditor()
#7 /app/system/CodeIgniter.php(399): CodeIgniter\CodeIgniter->runController()
#8 /app/system/CodeIgniter.php(317): CodeIgniter\CodeIgniter->handleRequest()
#9 /app/public/index.php(37): CodeIgniter\CodeIgniter->run()
#10 {main}
CRITICAL - 2022-01-08 05:16:31 --> Undefined array key "sellerid"
#0 /app/app/Controllers/ItemController.php(43): CodeIgniter\Debug\Exceptions->errorHandler()
#1 /app/system/CodeIgniter.php(802): App\Controllers\ItemController->wareEditor()
#2 /app/system/CodeIgniter.php(399): CodeIgniter\CodeIgniter->runController()
#3 /app/system/CodeIgniter.php(317): CodeIgniter\CodeIgniter->handleRequest()
#4 /app/public/index.php(37): CodeIgniter\CodeIgniter->run()
#5 {main}
CRITICAL - 2022-01-08 05:16:35 --> Undefined array key "sellerid"
#0 /app/app/Controllers/ItemController.php(43): CodeIgniter\Debug\Exceptions->errorHandler()
#1 /app/system/CodeIgniter.php(802): App\Controllers\ItemController->wareEditor()
#2 /app/system/CodeIgniter.php(399): CodeIgniter\CodeIgniter->runController()
#3 /app/system/CodeIgniter.php(317): CodeIgniter\CodeIgniter->handleRequest()
#4 /app/public/index.php(37): CodeIgniter\CodeIgniter->run()
#5 {main}
ERROR - 2022-01-08 05:16:36 --> 1
CRITICAL - 2022-01-08 05:16:38 --> Undefined array key "sellerid"
#0 /app/app/Controllers/ItemController.php(43): CodeIgniter\Debug\Exceptions->errorHandler()
#1 /app/system/CodeIgniter.php(802): App\Controllers\ItemController->wareEditor()
#2 /app/system/CodeIgniter.php(399): CodeIgniter\CodeIgniter->runController()
#3 /app/system/CodeIgniter.php(317): CodeIgniter\CodeIgniter->handleRequest()
#4 /app/public/index.php(37): CodeIgniter\CodeIgniter->run()
#5 {main}
ERROR - 2022-01-08 05:16:42 --> 1
ERROR - 2022-01-08 05:16:55 --> 1
CRITICAL - 2022-01-08 05:17:26 --> Undefined array key "sellerid"
#0 /app/app/Controllers/ItemController.php(43): CodeIgniter\Debug\Exceptions->errorHandler()
#1 /app/system/CodeIgniter.php(802): App\Controllers\ItemController->wareEditor()
#2 /app/system/CodeIgniter.php(399): CodeIgniter\CodeIgniter->runController()
#3 /app/system/CodeIgniter.php(317): CodeIgniter\CodeIgniter->handleRequest()
#4 /app/public/index.php(37): CodeIgniter\CodeIgniter->run()
#5 {main}
ERROR - 2022-01-08 05:17:29 --> 1
ERROR - 2022-01-08 05:31:51 --> 0
ERROR - 2022-01-08 05:31:51 --> 1
ERROR - 2022-01-08 05:31:52 --> 1
ERROR - 2022-01-08 05:31:53 --> 0
ERROR - 2022-01-08 05:31:53 --> 1
ERROR - 2022-01-08 05:31:54 --> 1
ERROR - 2022-01-08 05:32:14 --> 1
ERROR - 2022-01-08 05:32:17 --> in item deleter
ERROR - 2022-01-08 05:32:17 --> 18
ERROR - 2022-01-08 05:32:17 --> 1
ERROR - 2022-01-08 05:32:27 --> 0
ERROR - 2022-01-08 05:32:27 --> 1
ERROR - 2022-01-08 05:34:46 --> 0
ERROR - 2022-01-08 05:34:46 --> 1
ERROR - 2022-01-08 05:34:48 --> 1
CRITICAL - 2022-01-08 05:42:06 --> syntax error, unexpected end of file, expecting "elseif" or "else" or "endif"
#0 /app/system/View/View.php(217): CodeIgniter\View\View->CodeIgniter\View\{closure}()
#1 /app/system/Common.php(1092): CodeIgniter\View\View->render()
#2 /app/app/Controllers/BaseController.php(83): view()
#3 /app/app/Controllers/ItemController.php(53): App\Controllers\BaseController->template()
#4 /app/system/CodeIgniter.php(802): App\Controllers\ItemController->wareEditor()
#5 /app/system/CodeIgniter.php(399): CodeIgniter\CodeIgniter->runController()
#6 /app/system/CodeIgniter.php(317): CodeIgniter\CodeIgniter->handleRequest()
#7 /app/public/index.php(37): CodeIgniter\CodeIgniter->run()
#8 {main}
ERROR - 2022-01-08 05:46:51 --> 1
ERROR - 2022-01-08 05:50:58 --> 0
ERROR - 2022-01-08 05:50:58 --> 1
ERROR - 2022-01-08 05:51:00 --> 1
ERROR - 2022-01-08 05:51:02 --> 1
ERROR - 2022-01-08 05:51:05 --> 0
ERROR - 2022-01-08 05:51:05 --> 1
ERROR - 2022-01-08 05:51:05 --> 1
ERROR - 2022-01-08 05:51:07 --> 0
ERROR - 2022-01-08 05:51:07 --> 1
ERROR - 2022-01-08 05:51:08 --> 1
ERROR - 2022-01-08 05:51:11 --> 1
ERROR - 2022-01-08 05:51:13 --> 1
ERROR - 2022-01-08 05:51:15 --> 1
ERROR - 2022-01-08 05:51:17 --> 1
ERROR - 2022-01-08 05:51:22 --> 1
ERROR - 2022-01-08 05:51:23 --> 0
ERROR - 2022-01-08 05:51:23 --> 1
ERROR - 2022-01-08 05:51:24 --> 1
ERROR - 2022-01-08 05:51:25 --> 1
ERROR - 2022-01-08 05:51:27 --> 1
ERROR - 2022-01-08 05:51:29 --> 0
ERROR - 2022-01-08 05:51:29 --> 1
ERROR - 2022-01-08 05:51:33 --> 1
ERROR - 2022-01-08 06:05:21 --> post
ERROR - 2022-01-08 06:05:21 --> in editdesc if
ERROR - 2022-01-08 06:05:21 --> 1
ERROR - 2022-01-08 06:05:50 --> 1
ERROR - 2022-01-08 06:06:32 --> 1
ERROR - 2022-01-08 06:06:37 --> 1
ERROR - 2022-01-08 06:06:47 --> 0
ERROR - 2022-01-08 06:06:47 --> 1
ERROR - 2022-01-08 06:06:49 --> 1
ERROR - 2022-01-08 06:08:08 --> 1
ERROR - 2022-01-08 06:08:13 --> post
ERROR - 2022-01-08 06:08:13 --> in editdesc if
ERROR - 2022-01-08 06:08:13 --> 1
ERROR - 2022-01-08 06:08:16 --> 0
ERROR - 2022-01-08 06:08:16 --> 1
ERROR - 2022-01-08 06:08:18 --> 1
ERROR - 2022-01-08 06:08:22 --> post
ERROR - 2022-01-08 06:08:22 --> in editdesc if
ERROR - 2022-01-08 06:08:22 --> 1
ERROR - 2022-01-08 06:08:42 --> 1
ERROR - 2022-01-08 06:08:45 --> post
ERROR - 2022-01-08 06:08:45 --> in editdesc if
ERROR - 2022-01-08 06:08:45 --> 1
ERROR - 2022-01-08 06:08:47 --> 0
ERROR - 2022-01-08 06:08:47 --> 1
ERROR - 2022-01-08 06:08:49 --> 1
ERROR - 2022-01-08 06:08:53 --> post
ERROR - 2022-01-08 06:08:53 --> in editdesc if
ERROR - 2022-01-08 06:08:53 --> 1
ERROR - 2022-01-08 06:08:56 --> 1
ERROR - 2022-01-08 06:08:57 --> 1
ERROR - 2022-01-08 06:08:58 --> 1
ERROR - 2022-01-08 06:08:58 --> 1
ERROR - 2022-01-08 06:09:09 --> 1
ERROR - 2022-01-08 06:09:15 --> 1
ERROR - 2022-01-08 06:09:52 --> 1
ERROR - 2022-01-08 06:09:56 --> 1
ERROR - 2022-01-08 06:09:59 --> 1
ERROR - 2022-01-08 06:10:02 --> 0
ERROR - 2022-01-08 06:10:02 --> 1
ERROR - 2022-01-08 06:10:10 --> 1
ERROR - 2022-01-08 06:10:14 --> 0
ERROR - 2022-01-08 06:10:14 --> 1
ERROR - 2022-01-08 06:21:30 --> 0
ERROR - 2022-01-08 06:21:30 --> 1
ERROR - 2022-01-08 06:22:42 --> 0
ERROR - 2022-01-08 06:22:42 --> 1
ERROR - 2022-01-08 06:23:47 --> 0
ERROR - 2022-01-08 06:23:47 --> 1
ERROR - 2022-01-08 06:24:58 --> 2
CRITICAL - 2022-01-08 06:24:58 --> log_message(): Argument #2 ($message) must be of type string, null given, called in /app/app/Controllers/MessageController.php on line 58
#0 /app/app/Controllers/MessageController.php(58): log_message()
#1 /app/system/CodeIgniter.php(802): App\Controllers\MessageController->loadSpecificMessages()
#2 /app/system/CodeIgniter.php(399): CodeIgniter\CodeIgniter->runController()
#3 /app/system/CodeIgniter.php(317): CodeIgniter\CodeIgniter->handleRequest()
#4 /app/public/index.php(37): CodeIgniter\CodeIgniter->run()
#5 {main}
ERROR - 2022-01-08 06:25:23 --> 2
CRITICAL - 2022-01-08 06:25:23 --> log_message(): Argument #2 ($message) must be of type string, null given, called in /app/app/Controllers/MessageController.php on line 58
#0 /app/app/Controllers/MessageController.php(58): log_message()
#1 /app/system/CodeIgniter.php(802): App\Controllers\MessageController->loadSpecificMessages()
#2 /app/system/CodeIgniter.php(399): CodeIgniter\CodeIgniter->runController()
#3 /app/system/CodeIgniter.php(317): CodeIgniter\CodeIgniter->handleRequest()
#4 /app/public/index.php(37): CodeIgniter\CodeIgniter->run()
#5 {main}
ERROR - 2022-01-08 06:26:06 --> 2
ERROR - 2022-01-08 06:26:08 --> 2
CRITICAL - 2022-01-08 06:26:21 --> log_message(): Argument #2 ($message) must be of type string, null given, called in /app/app/Controllers/MessageController.php on line 60
#0 /app/app/Controllers/MessageController.php(60): log_message()
#1 /app/system/CodeIgniter.php(802): App\Controllers\MessageController->loadSpecificMessages()
#2 /app/system/CodeIgniter.php(399): CodeIgniter\CodeIgniter->runController()
#3 /app/system/CodeIgniter.php(317): CodeIgniter\CodeIgniter->handleRequest()
#4 /app/public/index.php(37): CodeIgniter\CodeIgniter->run()
#5 {main}
ERROR - 2022-01-08 06:27:38 --> 0
ERROR - 2022-01-08 06:27:38 --> 1
ERROR - 2022-01-08 06:27:46 --> 2
CRITICAL - 2022-01-08 06:27:46 --> log_message(): Argument #2 ($message) must be of type string, null given, called in /app/app/Controllers/MessageController.php on line 58
#0 /app/app/Controllers/MessageController.php(58): log_message()
#1 /app/system/CodeIgniter.php(802): App\Controllers\MessageController->loadSpecificMessages()
#2 /app/system/CodeIgniter.php(399): CodeIgniter\CodeIgniter->runController()
#3 /app/system/CodeIgniter.php(317): CodeIgniter\CodeIgniter->handleRequest()
#4 /app/public/index.php(37): CodeIgniter\CodeIgniter->run()
#5 {main}
ERROR - 2022-01-08 06:29:17 --> 0
ERROR - 2022-01-08 06:29:17 --> 
CRITICAL - 2022-01-08 06:29:19 --> log_message(): Argument #2 ($message) must be of type string, null given, called in /app/app/Controllers/ProfileController.php on line 63
#0 /app/app/Controllers/ProfileController.php(63): log_message()
#1 /app/system/CodeIgniter.php(802): App\Controllers\ProfileController->edit()
#2 /app/system/CodeIgniter.php(399): CodeIgniter\CodeIgniter->runController()
#3 /app/system/CodeIgniter.php(317): CodeIgniter\CodeIgniter->handleRequest()
#4 /app/public/index.php(37): CodeIgniter\CodeIgniter->run()
#5 {main}
ERROR - 2022-01-08 06:29:20 --> 0
ERROR - 2022-01-08 06:29:20 --> 
ERROR - 2022-01-08 06:29:25 --> in login func
ERROR - 2022-01-08 06:29:25 --> test
ERROR - 2022-01-08 06:29:25 --> Andreas@mail.com
ERROR - 2022-01-08 06:29:26 --> 0
ERROR - 2022-01-08 06:29:26 --> 1
ERROR - 2022-01-08 06:29:29 --> in else
ERROR - 2022-01-08 06:29:29 --> in if
ERROR - 2022-01-08 06:29:46 --> in if
ERROR - 2022-01-08 06:29:49 --> in else
ERROR - 2022-01-08 06:29:49 --> in if
ERROR - 2022-01-08 06:30:31 --> in else
ERROR - 2022-01-08 06:30:33 --> in else
ERROR - 2022-01-08 06:30:38 --> in else
ERROR - 2022-01-08 06:30:44 --> Cannot add or update a child row: a foreign key constraint fails (`shopDB`.`messages`, CONSTRAINT `messages_ibfk_2` FOREIGN KEY (`receiverid`) REFERENCES `Users` (`id`) ON DELETE SET NULL ON UPDATE CASCADE)
CRITICAL - 2022-01-08 06:30:44 --> Cannot add or update a child row: a foreign key constraint fails (`shopDB`.`messages`, CONSTRAINT `messages_ibfk_2` FOREIGN KEY (`receiverid`) REFERENCES `Users` (`id`) ON DELETE SET NULL ON UPDATE CASCADE)
#0 /app/system/Database/MySQLi/Connection.php(280): mysqli->query()
#1 /app/system/Database/BaseConnection.php(663): CodeIgniter\Database\MySQLi\Connection->execute()
#2 /app/system/Database/BaseConnection.php(591): CodeIgniter\Database\BaseConnection->simpleQuery()
#3 /app/system/Database/BaseBuilder.php(1733): CodeIgniter\Database\BaseConnection->query()
#4 /app/system/Model.php(239): CodeIgniter\Database\BaseBuilder->insert()
#5 /app/system/BaseModel.php(738): CodeIgniter\Model->doInsert()
#6 /app/system/Model.php(620): CodeIgniter\BaseModel->insert()
#7 /app/app/Controllers/MessageController.php(115): CodeIgniter\Model->insert()
#8 /app/system/CodeIgniter.php(802): App\Controllers\MessageController->sendMessage()
#9 /app/system/CodeIgniter.php(399): CodeIgniter\CodeIgniter->runController()
#10 /app/system/CodeIgniter.php(317): CodeIgniter\CodeIgniter->handleRequest()
#11 /app/public/index.php(37): CodeIgniter\CodeIgniter->run()
#12 {main}
ERROR - 2022-01-08 06:30:59 --> in else
ERROR - 2022-01-08 06:41:11 --> 0
ERROR - 2022-01-08 06:41:11 --> 1
ERROR - 2022-01-08 06:41:13 --> 2
ERROR - 2022-01-08 06:41:24 --> post
ERROR - 2022-01-08 06:41:24 --> in editdesc if
ERROR - 2022-01-08 06:41:24 --> 2
ERROR - 2022-01-08 06:41:31 --> 0
ERROR - 2022-01-08 06:41:31 --> 1
ERROR - 2022-01-08 06:41:37 --> in else
ERROR - 2022-01-08 06:41:39 --> in else
ERROR - 2022-01-08 06:41:41 --> in else
ERROR - 2022-01-08 06:41:43 --> in else
ERROR - 2022-01-08 06:41:44 --> in else
ERROR - 2022-01-08 06:41:45 --> in else
ERROR - 2022-01-08 06:41:47 --> in if
ERROR - 2022-01-08 06:42:58 --> in else
ERROR - 2022-01-08 06:43:01 --> in else
ERROR - 2022-01-08 07:51:52 --> 0
ERROR - 2022-01-08 07:51:52 --> 1
ERROR - 2022-01-08 08:01:38 --> 0
ERROR - 2022-01-08 08:01:38 --> 1
ERROR - 2022-01-08 08:01:42 --> 0
ERROR - 2022-01-08 08:01:42 --> 1
ERROR - 2022-01-08 08:01:45 --> 0
ERROR - 2022-01-08 08:01:45 --> 1
ERROR - 2022-01-08 08:01:52 --> 0
ERROR - 2022-01-08 08:01:52 --> 1
ERROR - 2022-01-08 08:09:31 --> 0
ERROR - 2022-01-08 08:09:31 --> 1
ERROR - 2022-01-08 08:09:57 --> 90
ERROR - 2022-01-08 08:09:57 --> 17:40
ERROR - 2022-01-08 08:09:57 --> 2022-01-13
ERROR - 2022-01-08 08:10:07 --> 0
ERROR - 2022-01-08 08:10:07 --> 1
ERROR - 2022-01-08 08:10:25 --> 0
ERROR - 2022-01-08 08:10:25 --> 1
ERROR - 2022-01-08 08:10:35 --> in login func
ERROR - 2022-01-08 08:10:35 --> test
ERROR - 2022-01-08 08:10:35 --> Max@mail.com
ERROR - 2022-01-08 08:10:35 --> 0
ERROR - 2022-01-08 08:10:35 --> 1
ERROR - 2022-01-08 08:11:14 --> 0
ERROR - 2022-01-08 08:11:14 --> 1
ERROR - 2022-01-08 08:11:44 --> 13
ERROR - 2022-01-08 08:11:44 --> 1
ERROR - 2022-01-08 08:11:59 --> 0
ERROR - 2022-01-08 08:11:59 --> 1
ERROR - 2022-01-08 08:13:35 --> in login func
ERROR - 2022-01-08 08:13:35 --> test
ERROR - 2022-01-08 08:13:35 --> bla@mail.com
ERROR - 2022-01-08 08:14:01 --> in login func
ERROR - 2022-01-08 08:14:01 --> test
ERROR - 2022-01-08 08:14:01 --> bla@mail.com
ERROR - 2022-01-08 08:15:13 --> 0
ERROR - 2022-01-08 08:15:13 --> 1
CRITICAL - 2022-01-08 08:27:18 --> Undefined variable $items_item
#0 /app/app/Views/Items/OrderCart.php(19): CodeIgniter\Debug\Exceptions->errorHandler()
#1 /app/system/View/View.php(214): include('...')
#2 /app/system/View/View.php(217): CodeIgniter\View\View->CodeIgniter\View\{closure}()
#3 /app/system/Common.php(1092): CodeIgniter\View\View->render()
#4 /app/app/Controllers/BaseController.php(83): view()
#5 /app/app/Controllers/OrderController.php(457): App\Controllers\BaseController->template()
#6 /app/system/CodeIgniter.php(802): App\Controllers\OrderController->loadCartView()
#7 /app/system/CodeIgniter.php(399): CodeIgniter\CodeIgniter->runController()
#8 /app/system/CodeIgniter.php(317): CodeIgniter\CodeIgniter->handleRequest()
#9 /app/public/index.php(37): CodeIgniter\CodeIgniter->run()
#10 {main}
