ERROR - 2021-12-24 03:21:12 --> in login func
ERROR - 2021-12-24 03:21:12 --> test
ERROR - 2021-12-24 03:21:12 --> Max@mail.com
ERROR - 2021-12-24 03:21:12 --> 0
ERROR - 2021-12-24 03:21:12 --> 1
ERROR - 2021-12-24 03:21:27 --> 1
ERROR - 2021-12-24 03:33:20 --> 0
ERROR - 2021-12-24 03:33:20 --> 1
ERROR - 2021-12-24 03:33:27 --> 0
ERROR - 2021-12-24 03:33:27 --> 1
ERROR - 2021-12-24 03:33:35 --> in login func
ERROR - 2021-12-24 03:33:35 --> test
ERROR - 2021-12-24 03:33:35 --> Joren@mail.com
ERROR - 2021-12-24 03:33:35 --> 0
ERROR - 2021-12-24 03:33:35 --> 1
ERROR - 2021-12-24 03:35:58 --> 0
ERROR - 2021-12-24 03:35:58 --> 1
ERROR - 2021-12-24 03:36:09 --> 0
ERROR - 2021-12-24 03:36:09 --> 1
ERROR - 2021-12-24 03:38:37 --> in login func
ERROR - 2021-12-24 03:38:37 --> test
ERROR - 2021-12-24 03:38:37 --> ronan@mail.com
ERROR - 2021-12-24 03:38:37 --> 0
ERROR - 2021-12-24 03:38:37 --> 1
ERROR - 2021-12-24 03:38:49 --> 0
ERROR - 2021-12-24 03:38:49 --> 1
ERROR - 2021-12-24 03:39:09 --> 82
ERROR - 2021-12-24 03:39:09 --> 17:30
ERROR - 2021-12-24 03:39:09 --> 2021-12-29
ERROR - 2021-12-24 03:39:17 --> 0
ERROR - 2021-12-24 03:39:17 --> 1
ERROR - 2021-12-24 03:39:36 --> 0
ERROR - 2021-12-24 03:39:36 --> 1
ERROR - 2021-12-24 03:49:32 --> in login func
ERROR - 2021-12-24 03:49:32 --> test
ERROR - 2021-12-24 03:49:32 --> Andreas@mail.com
ERROR - 2021-12-24 03:49:32 --> 0
ERROR - 2021-12-24 03:49:32 --> 1
ERROR - 2021-12-24 03:49:34 --> 2
ERROR - 2021-12-24 03:50:12 --> 0
ERROR - 2021-12-24 03:50:12 --> 1
ERROR - 2021-12-24 03:59:52 --> 0
ERROR - 2021-12-24 03:59:52 --> 1
ERROR - 2021-12-24 03:59:53 --> 13
ERROR - 2021-12-24 04:02:13 --> 0
ERROR - 2021-12-24 04:02:13 --> 1
ERROR - 2021-12-24 04:02:19 --> 0
ERROR - 2021-12-24 04:02:19 --> 1
ERROR - 2021-12-24 04:02:33 --> 0
ERROR - 2021-12-24 04:02:33 --> 1
ERROR - 2021-12-24 04:02:39 --> 0
ERROR - 2021-12-24 04:02:39 --> 1
ERROR - 2021-12-24 04:02:41 --> 0
ERROR - 2021-12-24 04:02:41 --> 1
ERROR - 2021-12-24 04:02:43 --> 6
ERROR - 2021-12-24 04:02:44 --> 0
ERROR - 2021-12-24 04:02:44 --> 1
ERROR - 2021-12-24 04:02:48 --> 0
ERROR - 2021-12-24 04:02:48 --> 1
ERROR - 2021-12-24 04:02:50 --> 13
ERROR - 2021-12-24 04:16:45 --> 13
ERROR - 2021-12-24 04:16:45 --> 0
ERROR - 2021-12-24 04:16:45 --> 1
ERROR - 2021-12-24 04:17:09 --> 13
ERROR - 2021-12-24 04:18:35 --> 13
ERROR - 2021-12-24 04:19:01 --> 13
ERROR - 2021-12-24 04:19:32 --> 13
ERROR - 2021-12-24 04:19:49 --> 13
ERROR - 2021-12-24 04:27:58 --> 0
ERROR - 2021-12-24 04:27:58 --> 1
ERROR - 2021-12-24 04:30:58 --> 0
ERROR - 2021-12-24 04:30:58 --> 1
CRITICAL - 2021-12-24 04:31:01 --> Invalid file: pages/home.php
#0 /app/system/View/View.php(198): CodeIgniter\Exceptions\FrameworkException::forInvalidFile()
#1 /app/system/Common.php(1092): CodeIgniter\View\View->render()
#2 /app/app/Controllers/SearchController.php(26): view()
#3 /app/system/CodeIgniter.php(802): App\Controllers\SearchController->index()
#4 /app/system/CodeIgniter.php(399): CodeIgniter\CodeIgniter->runController()
#5 /app/system/CodeIgniter.php(317): CodeIgniter\CodeIgniter->handleRequest()
#6 /app/public/index.php(37): CodeIgniter\CodeIgniter->run()
#7 {main}
ERROR - 2021-12-24 04:31:21 --> 0
ERROR - 2021-12-24 04:31:21 --> 1
ERROR - 2021-12-24 04:31:23 --> 0
ERROR - 2021-12-24 04:31:23 --> 1
CRITICAL - 2021-12-24 04:31:26 --> Invalid file: pages/home.php
#0 /app/system/View/View.php(198): CodeIgniter\Exceptions\FrameworkException::forInvalidFile()
#1 /app/system/Common.php(1092): CodeIgniter\View\View->render()
#2 /app/app/Controllers/SearchController.php(33): view()
#3 /app/system/CodeIgniter.php(802): App\Controllers\SearchController->index()
#4 /app/system/CodeIgniter.php(399): CodeIgniter\CodeIgniter->runController()
#5 /app/system/CodeIgniter.php(317): CodeIgniter\CodeIgniter->handleRequest()
#6 /app/public/index.php(37): CodeIgniter\CodeIgniter->run()
#7 {main}
ERROR - 2021-12-24 04:31:29 --> 0
ERROR - 2021-12-24 04:31:29 --> 1
CRITICAL - 2021-12-24 04:31:30 --> Invalid file: pages/home.php
#0 /app/system/View/View.php(198): CodeIgniter\Exceptions\FrameworkException::forInvalidFile()
#1 /app/system/Common.php(1092): CodeIgniter\View\View->render()
#2 /app/app/Controllers/Pages.php(37): view()
#3 /app/system/CodeIgniter.php(802): App\Controllers\Pages->homeredirect()
#4 /app/system/CodeIgniter.php(399): CodeIgniter\CodeIgniter->runController()
#5 /app/system/CodeIgniter.php(317): CodeIgniter\CodeIgniter->handleRequest()
#6 /app/public/index.php(37): CodeIgniter\CodeIgniter->run()
#7 {main}
ERROR - 2021-12-24 04:32:38 --> 0
ERROR - 2021-12-24 04:32:38 --> 1
CRITICAL - 2021-12-24 04:32:39 --> Invalid file: pages/home.php
#0 /app/system/View/View.php(198): CodeIgniter\Exceptions\FrameworkException::forInvalidFile()
#1 /app/system/Common.php(1092): CodeIgniter\View\View->render()
#2 /app/app/Controllers/Pages.php(37): view()
#3 /app/system/CodeIgniter.php(802): App\Controllers\Pages->homeredirect()
#4 /app/system/CodeIgniter.php(399): CodeIgniter\CodeIgniter->runController()
#5 /app/system/CodeIgniter.php(317): CodeIgniter\CodeIgniter->handleRequest()
#6 /app/public/index.php(37): CodeIgniter\CodeIgniter->run()
#7 {main}
ERROR - 2021-12-24 04:32:41 --> 0
ERROR - 2021-12-24 04:32:41 --> 1
ERROR - 2021-12-24 04:32:57 --> 2
ERROR - 2021-12-24 04:32:57 --> 1
ERROR - 2021-12-24 04:33:02 --> 0
ERROR - 2021-12-24 04:33:02 --> 1
ERROR - 2021-12-24 04:33:07 --> 5
ERROR - 2021-12-24 04:33:07 --> 1
ERROR - 2021-12-24 04:33:09 --> 0
ERROR - 2021-12-24 04:33:09 --> 1
ERROR - 2021-12-24 04:33:14 --> 3
ERROR - 2021-12-24 04:33:14 --> 1
ERROR - 2021-12-24 04:35:11 --> 3
ERROR - 2021-12-24 04:35:11 --> 1
ERROR - 2021-12-24 04:36:30 --> 0
ERROR - 2021-12-24 04:36:30 --> 1
ERROR - 2021-12-24 04:36:31 --> 6
ERROR - 2021-12-24 04:36:44 --> 0
ERROR - 2021-12-24 04:36:44 --> 1
ERROR - 2021-12-24 04:36:49 --> in login func
ERROR - 2021-12-24 04:36:49 --> test
ERROR - 2021-12-24 04:36:49 --> Marie@mail.com
ERROR - 2021-12-24 04:36:49 --> 0
ERROR - 2021-12-24 04:36:49 --> 1
ERROR - 2021-12-24 04:38:13 --> 0
ERROR - 2021-12-24 04:38:13 --> 1
ERROR - 2021-12-24 04:38:15 --> 3
ERROR - 2021-12-24 04:40:31 --> 3
CRITICAL - 2021-12-24 04:44:13 --> Invalid file: pages/home.php
#0 /app/system/View/View.php(198): CodeIgniter\Exceptions\FrameworkException::forInvalidFile()
#1 /app/system/Common.php(1092): CodeIgniter\View\View->render()
#2 /app/app/Controllers/Pages.php(74): view()
#3 /app/system/CodeIgniter.php(802): App\Controllers\Pages->itemredirect()
#4 /app/system/CodeIgniter.php(399): CodeIgniter\CodeIgniter->runController()
#5 /app/system/CodeIgniter.php(317): CodeIgniter\CodeIgniter->handleRequest()
#6 /app/public/index.php(37): CodeIgniter\CodeIgniter->run()
#7 {main}
ERROR - 2021-12-24 04:47:14 --> 0
ERROR - 2021-12-24 04:47:14 --> 1
ERROR - 2021-12-24 04:47:18 --> 0
ERROR - 2021-12-24 04:47:18 --> 1
ERROR - 2021-12-24 04:47:34 --> 0
ERROR - 2021-12-24 04:47:34 --> 1
ERROR - 2021-12-24 04:47:40 --> in login func
ERROR - 2021-12-24 04:47:40 --> test
ERROR - 2021-12-24 04:47:40 --> Joren@mail.com
ERROR - 2021-12-24 04:47:40 --> 0
ERROR - 2021-12-24 04:47:40 --> 1
ERROR - 2021-12-24 04:47:48 --> 0
ERROR - 2021-12-24 04:47:48 --> 1
ERROR - 2021-12-24 04:48:01 --> 0
ERROR - 2021-12-24 04:48:01 --> 1
ERROR - 2021-12-24 04:48:05 --> 0
ERROR - 2021-12-24 04:48:05 --> 1
ERROR - 2021-12-24 04:48:07 --> 6
ERROR - 2021-12-24 04:48:14 --> post
ERROR - 2021-12-24 04:48:14 --> in editdesc if
ERROR - 2021-12-24 04:48:14 --> 6
ERROR - 2021-12-24 04:48:20 --> get
ERROR - 2021-12-24 04:48:20 --> 6
ERROR - 2021-12-24 04:48:22 --> get
ERROR - 2021-12-24 04:48:22 --> 6
ERROR - 2021-12-24 04:48:25 --> get
ERROR - 2021-12-24 04:48:25 --> 6
ERROR - 2021-12-24 04:48:29 --> get
ERROR - 2021-12-24 04:48:29 --> 6
ERROR - 2021-12-24 04:48:31 --> 0
ERROR - 2021-12-24 04:48:31 --> 1
ERROR - 2021-12-24 04:49:02 --> 0
ERROR - 2021-12-24 04:49:02 --> 1
ERROR - 2021-12-24 04:50:28 --> 0
ERROR - 2021-12-24 04:50:28 --> 1
ERROR - 2021-12-24 04:50:49 --> 0
ERROR - 2021-12-24 04:50:49 --> 1
ERROR - 2021-12-24 04:50:59 --> 0
ERROR - 2021-12-24 04:50:59 --> 1
ERROR - 2021-12-24 04:54:17 --> 0
ERROR - 2021-12-24 04:54:17 --> 1
ERROR - 2021-12-24 04:55:00 --> 3
ERROR - 2021-12-24 04:55:00 --> 1
ERROR - 2021-12-24 04:55:31 --> 0
ERROR - 2021-12-24 04:55:31 --> 1
ERROR - 2021-12-24 04:55:38 --> 0
ERROR - 2021-12-24 04:55:38 --> 1
ERROR - 2021-12-24 04:55:44 --> in login func
ERROR - 2021-12-24 04:55:44 --> test
ERROR - 2021-12-24 04:55:44 --> Max@mail.com
ERROR - 2021-12-24 04:55:44 --> 0
ERROR - 2021-12-24 04:55:44 --> 1
ERROR - 2021-12-24 04:55:46 --> 1
